  [1m[35mSQL (2.1ms)[0m  [1m[35mCREATE EXTENSION IF NOT EXISTS "plpgsql"[0m
  [1m[35m (1.0ms)[0m  [1m[35mDROP TABLE IF EXISTS "albums" CASCADE[0m
  [1m[35m (15.5ms)[0m  [1m[35mCREATE TABLE "albums" ("id" bigserial primary key, "artist_id" integer, "title" character varying, "created_at" timestamp, "updated_at" timestamp)[0m
  [1m[35m (0.4ms)[0m  [1m[35mDROP TABLE IF EXISTS "artists" CASCADE[0m
  [1m[35m (4.1ms)[0m  [1m[35mCREATE TABLE "artists" ("id" bigserial primary key, "name" character varying, "created_at" timestamp, "updated_at" timestamp)[0m
  [1m[35m (0.4ms)[0m  [1m[35mDROP TABLE IF EXISTS "genres" CASCADE[0m
  [1m[35m (4.1ms)[0m  [1m[35mCREATE TABLE "genres" ("id" bigserial primary key, "name" character varying, "created_at" timestamp, "updated_at" timestamp)[0m
  [1m[35m (0.3ms)[0m  [1m[35mDROP TABLE IF EXISTS "media_types" CASCADE[0m
  [1m[35m (4.6ms)[0m  [1m[35mCREATE TABLE "media_types" ("id" bigserial primary key, "name" character varying, "created_at" timestamp, "updated_at" timestamp)[0m
  [1m[35m (0.3ms)[0m  [1m[35mDROP TABLE IF EXISTS "playlists" CASCADE[0m
  [1m[35m (3.5ms)[0m  [1m[35mCREATE TABLE "playlists" ("id" bigserial primary key, "name" character varying, "created_at" timestamp, "updated_at" timestamp)[0m
  [1m[35m (0.4ms)[0m  [1m[35mDROP TABLE IF EXISTS "playlists_tracks" CASCADE[0m
  [1m[35m (3.0ms)[0m  [1m[35mCREATE TABLE "playlists_tracks" ("id" bigserial primary key, "playlist_id" integer, "track_id" integer)[0m
  [1m[35m (0.3ms)[0m  [1m[35mDROP TABLE IF EXISTS "tracks" CASCADE[0m
  [1m[35m (4.6ms)[0m  [1m[35mCREATE TABLE "tracks" ("id" bigserial primary key, "album_id" integer, "genre_id" integer, "media_type_id" integer, "name" character varying NOT NULL, "composer" character varying, "milliseconds" integer NOT NULL, "bytes" integer, "unit_price" decimal(10,2), "created_at" timestamp, "updated_at" timestamp)[0m
  [1m[35m (3.4ms)[0m  [1m[35mCREATE TABLE "schema_migrations" ("version" character varying NOT NULL PRIMARY KEY)[0m
  [1m[35m (0.5ms)[0m  [1m[34mSELECT "schema_migrations"."version" FROM "schema_migrations" ORDER BY "schema_migrations"."version" ASC[0m
  [1m[35m (2.9ms)[0m  [1m[32mINSERT INTO "schema_migrations" (version) VALUES (20140128205156)[0m
  [1m[35m (1.4ms)[0m  [1m[32mINSERT INTO "schema_migrations" (version) VALUES
(20140128185321),
(20140128200252),
(20140128200458),
(20140128190323),
(20140128190658);

[0m
  [1m[35m (2.7ms)[0m  [1m[35mCREATE TABLE "ar_internal_metadata" ("key" character varying NOT NULL PRIMARY KEY, "value" character varying, "created_at" timestamp NOT NULL, "updated_at" timestamp NOT NULL)[0m
  [1m[36mActiveRecord::InternalMetadata Load (0.3ms)[0m  [1m[34mSELECT  "ar_internal_metadata".* FROM "ar_internal_metadata" WHERE "ar_internal_metadata"."key" = $1 LIMIT $2[0m  [["key", "environment"], ["LIMIT", 1]]
  [1m[35m (0.2ms)[0m  [1m[35mBEGIN[0m
  [1m[35mSQL (1.0ms)[0m  [1m[32mINSERT INTO "ar_internal_metadata" ("key", "value", "created_at", "updated_at") VALUES ($1, $2, $3, $4) RETURNING "key"[0m  [["key", "environment"], ["value", "development"], ["created_at", "2018-04-16 18:43:47.505636"], ["updated_at", "2018-04-16 18:43:47.505636"]]
  [1m[35m (0.4ms)[0m  [1m[35mCOMMIT[0m
  [1m[36mActiveRecord::InternalMetadata Load (0.7ms)[0m  [1m[34mSELECT  "ar_internal_metadata".* FROM "ar_internal_metadata" WHERE "ar_internal_metadata"."key" = $1 LIMIT $2[0m  [["key", "environment"], ["LIMIT", 1]]
  [1m[35m (0.1ms)[0m  [1m[35mBEGIN[0m
  [1m[35m (0.1ms)[0m  [1m[35mCOMMIT[0m
  [1m[35mSQL (0.5ms)[0m  [1m[35mCREATE EXTENSION IF NOT EXISTS "plpgsql"[0m
  [1m[35m (0.2ms)[0m  [1m[35mDROP TABLE IF EXISTS "albums" CASCADE[0m
  [1m[35m (7.2ms)[0m  [1m[35mCREATE TABLE "albums" ("id" bigserial primary key, "artist_id" integer, "title" character varying, "created_at" timestamp, "updated_at" timestamp)[0m
  [1m[35m (0.3ms)[0m  [1m[35mDROP TABLE IF EXISTS "artists" CASCADE[0m
  [1m[35m (4.0ms)[0m  [1m[35mCREATE TABLE "artists" ("id" bigserial primary key, "name" character varying, "created_at" timestamp, "updated_at" timestamp)[0m
  [1m[35m (0.3ms)[0m  [1m[35mDROP TABLE IF EXISTS "genres" CASCADE[0m
  [1m[35m (4.5ms)[0m  [1m[35mCREATE TABLE "genres" ("id" bigserial primary key, "name" character varying, "created_at" timestamp, "updated_at" timestamp)[0m
  [1m[35m (0.3ms)[0m  [1m[35mDROP TABLE IF EXISTS "media_types" CASCADE[0m
  [1m[35m (4.1ms)[0m  [1m[35mCREATE TABLE "media_types" ("id" bigserial primary key, "name" character varying, "created_at" timestamp, "updated_at" timestamp)[0m
  [1m[35m (0.3ms)[0m  [1m[35mDROP TABLE IF EXISTS "playlists" CASCADE[0m
  [1m[35m (4.5ms)[0m  [1m[35mCREATE TABLE "playlists" ("id" bigserial primary key, "name" character varying, "created_at" timestamp, "updated_at" timestamp)[0m
  [1m[35m (0.3ms)[0m  [1m[35mDROP TABLE IF EXISTS "playlists_tracks" CASCADE[0m
  [1m[35m (3.2ms)[0m  [1m[35mCREATE TABLE "playlists_tracks" ("id" bigserial primary key, "playlist_id" integer, "track_id" integer)[0m
  [1m[35m (0.3ms)[0m  [1m[35mDROP TABLE IF EXISTS "tracks" CASCADE[0m
  [1m[35m (4.4ms)[0m  [1m[35mCREATE TABLE "tracks" ("id" bigserial primary key, "album_id" integer, "genre_id" integer, "media_type_id" integer, "name" character varying NOT NULL, "composer" character varying, "milliseconds" integer NOT NULL, "bytes" integer, "unit_price" decimal(10,2), "created_at" timestamp, "updated_at" timestamp)[0m
  [1m[35m (4.4ms)[0m  [1m[35mCREATE TABLE "schema_migrations" ("version" character varying NOT NULL PRIMARY KEY)[0m
  [1m[35m (0.8ms)[0m  [1m[34mSELECT "schema_migrations"."version" FROM "schema_migrations" ORDER BY "schema_migrations"."version" ASC[0m
  [1m[35m (0.8ms)[0m  [1m[32mINSERT INTO "schema_migrations" (version) VALUES (20140128205156)[0m
  [1m[35m (0.5ms)[0m  [1m[32mINSERT INTO "schema_migrations" (version) VALUES
(20140128185321),
(20140128200252),
(20140128200458),
(20140128190323),
(20140128190658);

[0m
  [1m[35m (3.8ms)[0m  [1m[35mCREATE TABLE "ar_internal_metadata" ("key" character varying NOT NULL PRIMARY KEY, "value" character varying, "created_at" timestamp NOT NULL, "updated_at" timestamp NOT NULL)[0m
  [1m[36mActiveRecord::InternalMetadata Load (0.3ms)[0m  [1m[34mSELECT  "ar_internal_metadata".* FROM "ar_internal_metadata" WHERE "ar_internal_metadata"."key" = $1 LIMIT $2[0m  [["key", "environment"], ["LIMIT", 1]]
  [1m[35m (0.1ms)[0m  [1m[35mBEGIN[0m
  [1m[35mSQL (0.6ms)[0m  [1m[32mINSERT INTO "ar_internal_metadata" ("key", "value", "created_at", "updated_at") VALUES ($1, $2, $3, $4) RETURNING "key"[0m  [["key", "environment"], ["value", "development"], ["created_at", "2018-04-16 18:43:47.590435"], ["updated_at", "2018-04-16 18:43:47.590435"]]
  [1m[35m (0.3ms)[0m  [1m[35mCOMMIT[0m
  [1m[36mActiveRecord::InternalMetadata Load (0.3ms)[0m  [1m[34mSELECT  "ar_internal_metadata".* FROM "ar_internal_metadata" WHERE "ar_internal_metadata"."key" = $1 LIMIT $2[0m  [["key", "environment"], ["LIMIT", 1]]
  [1m[35m (0.1ms)[0m  [1m[35mBEGIN[0m
  [1m[35mSQL (0.5ms)[0m  [1m[33mUPDATE "ar_internal_metadata" SET "value" = $1, "updated_at" = $2 WHERE "ar_internal_metadata"."key" = $3[0m  [["value", "test"], ["updated_at", "2018-04-16 18:43:47.594545"], ["key", "environment"]]
  [1m[35m (0.3ms)[0m  [1m[35mCOMMIT[0m
  [1m[35m (0.8ms)[0m  [1m[34mSELECT "schema_migrations"."version" FROM "schema_migrations" ORDER BY "schema_migrations"."version" ASC[0m
  [1m[36mArtist Load (0.4ms)[0m  [1m[34mSELECT  "artists".* FROM "artists" WHERE "artists"."id" = $1 LIMIT $2[0m  [["id", 22], ["LIMIT", 1]]
  [1m[36mTrack Load (0.5ms)[0m  [1m[34mSELECT  "tracks".* FROM "tracks" WHERE "tracks"."id" = $1 LIMIT $2[0m  [["id", 22], ["LIMIT", 1]]
  [1m[36mPlaylist Load (0.4ms)[0m  [1m[34mSELECT  "playlists".* FROM "playlists" WHERE "playlists"."name" = $1 LIMIT $2[0m  [["name", "90s Music"], ["LIMIT", 1]]
  [1m[36mGenre Load (1.0ms)[0m  [1m[34mSELECT  "genres".* FROM "genres" ORDER BY "genres"."id" ASC LIMIT $1[0m  [["LIMIT", 1000]]
  [1m[36mArtist Load (1.0ms)[0m  [1m[34mSELECT  "artists".* FROM "artists" WHERE (name = 'AC/DC') LIMIT $1[0m  [["LIMIT", 11]]
  [1m[36mArtist Load (0.9ms)[0m  [1m[34mSELECT  "artists".* FROM "artists" WHERE (name = 'AC/DC') LIMIT $1[0m  [["LIMIT", 11]]
  [1m[36mArtist Load (1.0ms)[0m  [1m[34mSELECT  "artists".* FROM "artists" WHERE (name = 'AC/DC') LIMIT $1[0m  [["LIMIT", 11]]
  [1m[36mArtist Load (0.3ms)[0m  [1m[34mSELECT  "artists".* FROM "artists" WHERE "artists"."name" = $1 LIMIT $2[0m  [["name", "AC/DC"], ["LIMIT", 11]]
  [1m[35m (1.7ms)[0m  [1m[34mSELECT COUNT(*) FROM "albums"[0m
  [1m[35m (5.2ms)[0m  [1m[34mSELECT MIN("tracks"."unit_price") FROM "tracks"[0m
  [1m[36mArtist Load (0.4ms)[0m  [1m[34mSELECT  "artists".* FROM "artists" LIMIT $1[0m  [["LIMIT", 11]]
  [1m[36mArtist Load (2.0ms)[0m  [1m[34mSELECT  "artists".* FROM "artists" WHERE (name = 'AC/DC') LIMIT $1[0m  [["LIMIT", 11]]
  [1m[36mArtist Load (1.0ms)[0m  [1m[34mSELECT  "artists".* FROM "artists" WHERE (name = 'Queen') LIMIT $1[0m  [["LIMIT", 11]]
  [1m[36mAlbum Load (1.1ms)[0m  [1m[34mSELECT  "albums".* FROM "albums" LIMIT $1[0m  [["LIMIT", 11]]
  [1m[36mAlbum Load (1.1ms)[0m  [1m[34mSELECT  "albums".* FROM "albums" WHERE (artist_id = 51) LIMIT $1[0m  [["LIMIT", 11]]
  [1m[36mAlbum Load (1.3ms)[0m  [1m[34mSELECT "albums".* FROM "albums"[0m
  [1m[36mTrack Load (1.2ms)[0m  [1m[34mSELECT  "tracks".* FROM "tracks" LIMIT $1[0m  [["LIMIT", 11]]
  [1m[36mTrack Load (13.9ms)[0m  [1m[34mSELECT "tracks".* FROM "tracks"[0m
  [1m[36mGenre Load (1.3ms)[0m  [1m[34mSELECT "genres".* FROM "genres"[0m
  [1m[36mGenre Load (0.5ms)[0m  [1m[34mSELECT  "genres".* FROM "genres" LIMIT $1[0m  [["LIMIT", 11]]
  [1m[36mAlbum Load (0.5ms)[0m  [1m[34mSELECT  "albums".* FROM "albums" LIMIT $1[0m  [["LIMIT", 11]]
  [1m[36mAlbum Load (2.1ms)[0m  [1m[34mSELECT "albums".* FROM "albums"[0m
  [1m[36mAlbum Load (1.3ms)[0m  [1m[34mSELECT "albums".* FROM "albums"[0m
  [1m[36mArtist Load (0.6ms)[0m  [1m[34mSELECT  "artists".* FROM "artists" ORDER BY "artists"."id" DESC LIMIT $1[0m  [["LIMIT", 2]]
  [1m[36mArtist Load (3.5ms)[0m  [1m[34mSELECT  "artists".* FROM "artists" ORDER BY "artists"."created_at" ASC LIMIT $1[0m  [["LIMIT", 11]]
  [1m[36mArtist Load (0.8ms)[0m  [1m[34mSELECT  "artists".* FROM "artists" ORDER BY "artists"."created_at" ASC LIMIT $1[0m  [["LIMIT", 2]]
  [1m[36mArtist Exists (0.8ms)[0m  [1m[34mSELECT  1 AS one FROM "artists" LIMIT $1[0m  [["LIMIT", 1]]
  [1m[36mArtist Load (0.6ms)[0m  [1m[34mSELECT  "artists".* FROM "artists" ORDER BY "artists"."created_at" ASC LIMIT $1[0m  [["LIMIT", 2]]
  [1m[36mArtist Load (0.9ms)[0m  [1m[34mSELECT  "artists".* FROM "artists" ORDER BY "artists"."created_at" ASC LIMIT $1[0m  [["LIMIT", 11]]
  [1m[36mArtist Exists (0.7ms)[0m  [1m[34mSELECT  1 AS one FROM "artists" LIMIT $1[0m  [["LIMIT", 1]]
  [1m[36mArtist Load (0.7ms)[0m  [1m[34mSELECT  "artists".* FROM "artists" ORDER BY "artists"."created_at" ASC LIMIT $1[0m  [["LIMIT", 2]]
  [1m[35m (1.0ms)[0m  [1m[34mSELECT "artists"."name" FROM "artists"[0m
  [1m[35m (1.0ms)[0m  [1m[34mSELECT "artists"."name" FROM "artists"[0m
  [1m[35m (2.3ms)[0m  [1m[34mSELECT "artists"."id" FROM "artists" WHERE (name = 'Queen')[0m
  [1m[36mAlbum Load (1.5ms)[0m  [1m[34mSELECT  "albums".* FROM "albums" WHERE (artist_id = 51) LIMIT $1[0m  [["LIMIT", 11]]
  [1m[35m (0.9ms)[0m  [1m[34mSELECT "artists"."id" FROM "artists" WHERE (name = 'Queen')[0m
  [1m[36mAlbum Load (0.9ms)[0m  [1m[34mSELECT  "albums".* FROM "albums" WHERE (artist_id = 51) LIMIT $1[0m  [["LIMIT", 11]]
  [1m[35m (0.9ms)[0m  [1m[34mSELECT "artists"."id" FROM "artists" WHERE (name = 'Queen')[0m
  [1m[36mAlbum Exists (0.7ms)[0m  [1m[34mSELECT  1 AS one FROM "albums" WHERE (artist_id = 51) LIMIT $1[0m  [["LIMIT", 1]]
  [1m[36mAlbum Load (0.7ms)[0m  [1m[34mSELECT "albums".* FROM "albums" WHERE (artist_id = 51)[0m
  [1m[35m (0.9ms)[0m  [1m[34mSELECT "artists"."id" FROM "artists" WHERE (name = 'Queen')[0m
  [1m[36mArtist Load (0.6ms)[0m  [1m[34mSELECT  "artists".* FROM "artists" WHERE (name = 'Queen') LIMIT $1[0m  [["LIMIT", 11]]
  [1m[35m (0.9ms)[0m  [1m[34mSELECT "artists"."id" FROM "artists" WHERE (name = 'Queen')[0m
  [1m[35m (3.1ms)[0m  [1m[34mSELECT "media_types"."id" FROM "media_types" WHERE (name = 'Protected MPEG-4 video file')[0m
  [1m[36mGenre Load (1.4ms)[0m  [1m[34mSELECT  "genres".* FROM "genres" WHERE (name = 'Hip Hop/Rap') LIMIT $1[0m  [["LIMIT", 11]]
  [1m[35m (8.5ms)[0m  [1m[34mSELECT SUM("tracks"."milliseconds") FROM "tracks"[0m
  [1m[35m (2.9ms)[0m  [1m[34mSELECT SUM("tracks"."milliseconds") FROM "tracks"[0m
  [1m[35m (0.8ms)[0m  [1m[34mSELECT "media_types"."id" FROM "media_types" WHERE (name = 'MPEG audio file')[0m
  [1m[35m (0.7ms)[0m  [1m[34mSELECT "media_types"."id" FROM "media_types" WHERE (name = 'MPEG audio file')[0m
  [1m[35m (0.7ms)[0m  [1m[34mSELECT "media_types"."id" FROM "media_types" WHERE (name = 'MPEG audio file')[0m
  [1m[35m (9.3ms)[0m  [1m[34mSELECT MAX("tracks"."unit_price") FROM "tracks" WHERE (media_type_id = 1)[0m
  [1m[35m (0.8ms)[0m  [1m[34mSELECT "media_types"."id" FROM "media_types" WHERE (name = 'MPEG audio file')[0m
  [1m[35m (4.6ms)[0m  [1m[34mSELECT MAX("tracks"."unit_price") FROM "tracks" WHERE (media_type_id = 1)[0m
  [1m[35m (0.8ms)[0m  [1m[34mSELECT "media_types"."id" FROM "media_types" WHERE (name = 'MPEG audio file')[0m
  [1m[35m (4.9ms)[0m  [1m[34mSELECT MAX("tracks"."unit_price") FROM "tracks" WHERE (media_type_id = 1)[0m
  [1m[35m (9.5ms)[0m  [1m[34mSELECT "tracks"."name" FROM "tracks" WHERE (unit_price = 0.99)[0m
  [1m[35m (0.8ms)[0m  [1m[34mSELECT "media_types"."id" FROM "media_types" WHERE (name = 'MPEG audio file')[0m
  [1m[35m (4.8ms)[0m  [1m[34mSELECT MAX("tracks"."unit_price") FROM "tracks" WHERE (media_type_id = 1)[0m
  [1m[35m (4.0ms)[0m  [1m[34mSELECT "tracks"."name" FROM "tracks" WHERE (unit_price = 0.99)[0m
  [1m[35m (0.8ms)[0m  [1m[34mSELECT "media_types"."id" FROM "media_types" WHERE (name = 'MPEG audio file')[0m
  [1m[35m (0.8ms)[0m  [1m[34mSELECT "media_types"."id" FROM "media_types" WHERE (name = 'MPEG audio file')[0m
  [1m[36mTrack Load (1.2ms)[0m  [1m[34mSELECT  "tracks".* FROM "tracks" WHERE (media_type_id = 1) LIMIT $1[0m  [["LIMIT", 11]]
  [1m[36mTrack Exists (0.8ms)[0m  [1m[34mSELECT  1 AS one FROM "tracks" WHERE (media_type_id = 1) LIMIT $1[0m  [["LIMIT", 1]]
  [1m[36mTrack Load (13.3ms)[0m  [1m[34mSELECT "tracks".* FROM "tracks" WHERE (media_type_id = 1)[0m
  [1m[36mTrack Exists (1.3ms)[0m  [1m[34mSELECT  1 AS one FROM "tracks" WHERE (media_type_id = 1) LIMIT $1[0m  [["LIMIT", 1]]
  [1m[36mTrack Load (20.4ms)[0m  [1m[34mSELECT "tracks".* FROM "tracks" WHERE (media_type_id = 1) ORDER BY "tracks"."unit_price" ASC[0m
  [1m[36mTrack Exists (0.8ms)[0m  [1m[34mSELECT  1 AS one FROM "tracks" WHERE (media_type_id = 1) LIMIT $1[0m  [["LIMIT", 1]]
  [1m[36mTrack Load (6.7ms)[0m  [1m[34mSELECT  "tracks".* FROM "tracks" WHERE (media_type_id = 1) ORDER BY "tracks"."unit_price" ASC LIMIT $1[0m  [["LIMIT", 2]]
  [1m[35m (6.2ms)[0m  [1m[34mSELECT  "tracks"."name" FROM "tracks" WHERE (media_type_id = 1) ORDER BY "tracks"."unit_price" ASC LIMIT $1[0m  [["LIMIT", 1]]
